<?xml version="1.0" encoding="UTF-8"?>
<!-- Generated by org.testng.reporters.JUnitReportReporter -->
<testsuite hostname="DESKTOP-PAMU13L" failures="0" tests="1" name="AutomationTestFramework.SeleniumTestCase" time="8.463" errors="0" timestamp="09 Apr 2018 23:57:39 GMT" skipped="0">
  <testcase classname="AutomationTestFramework.SeleniumTestCase" name="testgooglrsearch" time="8.463"/>
</testsuite> <!-- AutomationTestFramework.SeleniumTestCase -->
